

*******************************************************************************
Mon Nov  2 11:10:55 2020


FIT:    data read from datafile u (log10($1)):(log10($2))
        format = x:z
        #datapoints = 40
        residuals are weighted equally (unit weight)

function used for fitting: ff(x)
	ff(x) = a*x+b
fitted parameters initialized with current variable values

iter      chisq       delta/lim  lambda   a             b            
   0 5.1428077231e+02   0.00e+00  2.18e+00    1.000000e+00   1.000000e+00
   4 1.1835354228e+00  -2.09e-02  2.18e-04    3.873043e+00  -1.073859e+01

After 4 iterations the fit converged.
final sum of squares of residuals : 1.18354
rel. change during last iteration : -2.08579e-07

degrees of freedom    (FIT_NDF)                        : 38
rms of residuals      (FIT_STDFIT) = sqrt(WSSR/ndf)    : 0.176481
variance of residuals (reduced chisquare) = WSSR/ndf   : 0.0311457

Final set of parameters            Asymptotic Standard Error
=======================            ==========================
a               = 3.87304          +/- 0.0745       (1.924%)
b               = -10.7386         +/- 0.2176       (2.026%)

correlation matrix of the fit parameters:
                a      b      
a               1.000 
b              -0.992  1.000 
