

*******************************************************************************
Mon Nov  2 11:10:54 2020


FIT:    data read from datafile u (log10($1)):(log10($2))
        format = x:z
        #datapoints = 40
        residuals are weighted equally (unit weight)

function used for fitting: ff(x)
	ff(x) = a*x+b
fitted parameters initialized with current variable values

iter      chisq       delta/lim  lambda   a             b            
   0 8.1341513906e+02   0.00e+00  2.18e+00    1.000000e+00   1.000000e+00
   4 2.9561384765e-02  -6.76e-01  2.18e-04    3.163492e+00  -9.703114e+00

After 4 iterations the fit converged.
final sum of squares of residuals : 0.0295614
rel. change during last iteration : -6.75795e-06

degrees of freedom    (FIT_NDF)                        : 38
rms of residuals      (FIT_STDFIT) = sqrt(WSSR/ndf)    : 0.0278914
variance of residuals (reduced chisquare) = WSSR/ndf   : 0.000777931

Final set of parameters            Asymptotic Standard Error
=======================            ==========================
a               = 3.16349          +/- 0.01177      (0.3722%)
b               = -9.70311         +/- 0.03439      (0.3544%)

correlation matrix of the fit parameters:
                a      b      
a               1.000 
b              -0.992  1.000 
