

*******************************************************************************
Mon Nov  2 11:10:54 2020


FIT:    data read from datafile u (log10($1)):(log10($2))
        format = x:z
        #datapoints = 40
        residuals are weighted equally (unit weight)

function used for fitting: ff(x)
	ff(x) = a*x+b
fitted parameters initialized with current variable values

iter      chisq       delta/lim  lambda   a             b            
   0 9.2599287254e+02   0.00e+00  2.18e+00    1.000000e+00   1.000000e+00
   4 1.3249536907e-01  -1.29e-01  2.18e-04    2.799981e+00  -8.977729e+00

After 4 iterations the fit converged.
final sum of squares of residuals : 0.132495
rel. change during last iteration : -1.29227e-06

degrees of freedom    (FIT_NDF)                        : 38
rms of residuals      (FIT_STDFIT) = sqrt(WSSR/ndf)    : 0.0590485
variance of residuals (reduced chisquare) = WSSR/ndf   : 0.00348672

Final set of parameters            Asymptotic Standard Error
=======================            ==========================
a               = 2.79998          +/- 0.02493      (0.8903%)
b               = -8.97773         +/- 0.07281      (0.811%)

correlation matrix of the fit parameters:
                a      b      
a               1.000 
b              -0.992  1.000 
